{"C:\\Users\\vivek\\OneDrive\\Desktop\\Main-branch\\InsightStox---Portfolio-analyzer-tracker-and-console\\frontend\\src\\components\\PortfolioChart\\PortfolioChart.jsx": {"path":"C:\\Users\\vivek\\OneDrive\\Desktop\\Main-branch\\InsightStox---Portfolio-analyzer-tracker-and-console\\frontend\\src\\components\\PortfolioChart\\PortfolioChart.jsx","statementMap":{"0":{"start":{"line":16,"column":0},"end":{"line":24,"column":null}},"1":{"start":{"line":27,"column":32},"end":{"line":39,"column":null}},"2":{"start":{"line":40,"column":36},"end":{"line":40,"column":null}},"3":{"start":{"line":42,"column":24},"end":{"line":42,"column":null}},"4":{"start":{"line":43,"column":24},"end":{"line":43,"column":null}},"5":{"start":{"line":44,"column":28},"end":{"line":44,"column":null}},"6":{"start":{"line":47,"column":36},"end":{"line":49,"column":null}},"7":{"start":{"line":51,"column":2},"end":{"line":55,"column":null}},"8":{"start":{"line":52,"column":21},"end":{"line":52,"column":null}},"9":{"start":{"line":52,"column":27},"end":{"line":52,"column":null}},"10":{"start":{"line":53,"column":4},"end":{"line":53,"column":null}},"11":{"start":{"line":54,"column":4},"end":{"line":54,"column":null}},"12":{"start":{"line":54,"column":17},"end":{"line":54,"column":null}},"13":{"start":{"line":57,"column":2},"end":{"line":57,"column":null}},"14":{"start":{"line":59,"column":22},"end":{"line":59,"column":null}},"15":{"start":{"line":60,"column":24},"end":{"line":60,"column":null}},"16":{"start":{"line":63,"column":8},"end":{"line":156,"column":null}},"17":{"start":{"line":64,"column":25},"end":{"line":64,"column":null}},"18":{"start":{"line":65,"column":21},"end":{"line":65,"column":null}},"19":{"start":{"line":67,"column":4},"end":{"line":155,"column":null}},"20":{"start":{"line":95,"column":28},"end":{"line":95,"column":null}},"21":{"start":{"line":96,"column":26},"end":{"line":96,"column":null}},"22":{"start":{"line":97,"column":24},"end":{"line":97,"column":null}},"23":{"start":{"line":99,"column":14},"end":{"line":103,"column":null}},"24":{"start":{"line":106,"column":26},"end":{"line":106,"column":null}},"25":{"start":{"line":107,"column":14},"end":{"line":107,"column":null}},"26":{"start":{"line":107,"column":25},"end":{"line":107,"column":null}},"27":{"start":{"line":108,"column":14},"end":{"line":109,"column":null}},"28":{"start":{"line":109,"column":16},"end":{"line":109,"column":null}},"29":{"start":{"line":110,"column":14},"end":{"line":110,"column":null}},"30":{"start":{"line":130,"column":28},"end":{"line":130,"column":null}},"31":{"start":{"line":131,"column":14},"end":{"line":131,"column":null}},"32":{"start":{"line":137,"column":14},"end":{"line":137,"column":null}},"33":{"start":{"line":137,"column":35},"end":{"line":137,"column":null}},"34":{"start":{"line":138,"column":28},"end":{"line":138,"column":null}},"35":{"start":{"line":139,"column":14},"end":{"line":139,"column":null}},"36":{"start":{"line":142,"column":28},"end":{"line":142,"column":null}},"37":{"start":{"line":143,"column":14},"end":{"line":143,"column":null}},"38":{"start":{"line":150,"column":29},"end":{"line":150,"column":null}},"39":{"start":{"line":158,"column":29},"end":{"line":240,"column":null}},"40":{"start":{"line":159,"column":4},"end":{"line":239,"column":null}},"41":{"start":{"line":160,"column":6},"end":{"line":160,"column":null}},"42":{"start":{"line":161,"column":6},"end":{"line":161,"column":null}},"43":{"start":{"line":163,"column":23},"end":{"line":163,"column":null}},"44":{"start":{"line":164,"column":23},"end":{"line":164,"column":null}},"45":{"start":{"line":165,"column":6},"end":{"line":165,"column":null}},"46":{"start":{"line":165,"column":24},"end":{"line":165,"column":null}},"47":{"start":{"line":167,"column":20},"end":{"line":167,"column":null}},"48":{"start":{"line":169,"column":19},"end":{"line":169,"column":null}},"49":{"start":{"line":170,"column":19},"end":{"line":170,"column":null}},"50":{"start":{"line":172,"column":6},"end":{"line":213,"column":null}},"51":{"start":{"line":173,"column":23},"end":{"line":173,"column":null}},"52":{"start":{"line":175,"column":10},"end":{"line":181,"column":null}},"53":{"start":{"line":176,"column":25},"end":{"line":176,"column":null}},"54":{"start":{"line":177,"column":24},"end":{"line":177,"column":null}},"55":{"start":{"line":178,"column":31},"end":{"line":178,"column":null}},"56":{"start":{"line":180,"column":12},"end":{"line":180,"column":null}},"57":{"start":{"line":182,"column":8},"end":{"line":182,"column":null}},"58":{"start":{"line":182,"column":41},"end":{"line":182,"column":47}},"59":{"start":{"line":184,"column":8},"end":{"line":184,"column":null}},"60":{"start":{"line":184,"column":35},"end":{"line":184,"column":46}},"61":{"start":{"line":185,"column":6},"end":{"line":213,"column":null}},"62":{"start":{"line":188,"column":23},"end":{"line":188,"column":null}},"63":{"start":{"line":190,"column":8},"end":{"line":195,"column":null}},"64":{"start":{"line":191,"column":23},"end":{"line":191,"column":null}},"65":{"start":{"line":192,"column":10},"end":{"line":194,"column":null}},"66":{"start":{"line":196,"column":8},"end":{"line":196,"column":null}},"67":{"start":{"line":196,"column":41},"end":{"line":196,"column":47}},"68":{"start":{"line":198,"column":8},"end":{"line":198,"column":null}},"69":{"start":{"line":198,"column":35},"end":{"line":198,"column":46}},"70":{"start":{"line":199,"column":6},"end":{"line":213,"column":null}},"71":{"start":{"line":202,"column":23},"end":{"line":202,"column":null}},"72":{"start":{"line":204,"column":8},"end":{"line":209,"column":null}},"73":{"start":{"line":205,"column":23},"end":{"line":205,"column":null}},"74":{"start":{"line":206,"column":10},"end":{"line":208,"column":null}},"75":{"start":{"line":210,"column":8},"end":{"line":210,"column":null}},"76":{"start":{"line":210,"column":41},"end":{"line":210,"column":47}},"77":{"start":{"line":212,"column":8},"end":{"line":212,"column":null}},"78":{"start":{"line":212,"column":35},"end":{"line":212,"column":46}},"79":{"start":{"line":215,"column":6},"end":{"line":229,"column":null}},"80":{"start":{"line":231,"column":6},"end":{"line":231,"column":null}},"81":{"start":{"line":232,"column":6},"end":{"line":236,"column":null}},"82":{"start":{"line":238,"column":6},"end":{"line":238,"column":null}},"83":{"start":{"line":242,"column":2},"end":{"line":244,"column":null}},"84":{"start":{"line":243,"column":4},"end":{"line":243,"column":null}},"85":{"start":{"line":246,"column":2},"end":{"line":250,"column":null}},"86":{"start":{"line":247,"column":4},"end":{"line":250,"column":null}},"87":{"start":{"line":253,"column":2},"end":{"line":257,"column":null}},"88":{"start":{"line":254,"column":4},"end":{"line":257,"column":null}},"89":{"start":{"line":260,"column":2},"end":{"line":287,"column":null}},"90":{"start":{"line":270,"column":12},"end":{"line":278,"column":null}},"91":{"start":{"line":272,"column":29},"end":{"line":272,"column":null}}},"fnMap":{"0":{"name":"PortfolioChart","decl":{"start":{"line":26,"column":24},"end":{"line":26,"column":41}},"loc":{"start":{"line":26,"column":41},"end":{"line":289,"column":null}},"line":26},"1":{"name":"(anonymous_1)","decl":{"start":{"line":51,"column":12},"end":{"line":51,"column":18}},"loc":{"start":{"line":51,"column":18},"end":{"line":55,"column":5}},"line":51},"2":{"name":"(anonymous_2)","decl":{"start":{"line":52,"column":21},"end":{"line":52,"column":27}},"loc":{"start":{"line":52,"column":27},"end":{"line":52,"column":null}},"line":52},"3":{"name":"(anonymous_3)","decl":{"start":{"line":54,"column":11},"end":{"line":54,"column":17}},"loc":{"start":{"line":54,"column":17},"end":{"line":54,"column":null}},"line":54},"4":{"name":"(anonymous_4)","decl":{"start":{"line":63,"column":26},"end":{"line":63,"column":32}},"loc":{"start":{"line":63,"column":32},"end":{"line":156,"column":5}},"line":63},"5":{"name":"(anonymous_5)","decl":{"start":{"line":91,"column":18},"end":{"line":91,"column":24}},"loc":{"start":{"line":91,"column":24},"end":{"line":91,"column":null}},"line":91},"6":{"name":"(anonymous_6)","decl":{"start":{"line":94,"column":19},"end":{"line":94,"column":20}},"loc":{"start":{"line":94,"column":32},"end":{"line":104,"column":null}},"line":94},"7":{"name":"(anonymous_7)","decl":{"start":{"line":105,"column":19},"end":{"line":105,"column":20}},"loc":{"start":{"line":105,"column":32},"end":{"line":111,"column":null}},"line":105},"8":{"name":"(anonymous_8)","decl":{"start":{"line":129,"column":18},"end":{"line":129,"column":19}},"loc":{"start":{"line":129,"column":31},"end":{"line":132,"column":null}},"line":129},"9":{"name":"(anonymous_9)","decl":{"start":{"line":136,"column":19},"end":{"line":136,"column":20}},"loc":{"start":{"line":136,"column":32},"end":{"line":140,"column":null}},"line":136},"10":{"name":"(anonymous_10)","decl":{"start":{"line":141,"column":23},"end":{"line":141,"column":24}},"loc":{"start":{"line":141,"column":36},"end":{"line":144,"column":null}},"line":141},"11":{"name":"(anonymous_11)","decl":{"start":{"line":150,"column":22},"end":{"line":150,"column":23}},"loc":{"start":{"line":150,"column":29},"end":{"line":150,"column":null}},"line":150},"12":{"name":"(anonymous_12)","decl":{"start":{"line":158,"column":29},"end":{"line":158,"column":41}},"loc":{"start":{"line":158,"column":41},"end":{"line":240,"column":null}},"line":158},"13":{"name":"(anonymous_13)","decl":{"start":{"line":175,"column":30},"end":{"line":175,"column":31}},"loc":{"start":{"line":175,"column":37},"end":{"line":181,"column":11}},"line":175},"14":{"name":"(anonymous_14)","decl":{"start":{"line":182,"column":34},"end":{"line":182,"column":35}},"loc":{"start":{"line":182,"column":41},"end":{"line":182,"column":47}},"line":182},"15":{"name":"(anonymous_15)","decl":{"start":{"line":184,"column":28},"end":{"line":184,"column":29}},"loc":{"start":{"line":184,"column":35},"end":{"line":184,"column":46}},"line":184},"16":{"name":"(anonymous_16)","decl":{"start":{"line":190,"column":28},"end":{"line":190,"column":29}},"loc":{"start":{"line":190,"column":35},"end":{"line":195,"column":9}},"line":190},"17":{"name":"(anonymous_17)","decl":{"start":{"line":196,"column":34},"end":{"line":196,"column":35}},"loc":{"start":{"line":196,"column":41},"end":{"line":196,"column":47}},"line":196},"18":{"name":"(anonymous_18)","decl":{"start":{"line":198,"column":28},"end":{"line":198,"column":29}},"loc":{"start":{"line":198,"column":35},"end":{"line":198,"column":46}},"line":198},"19":{"name":"(anonymous_19)","decl":{"start":{"line":204,"column":28},"end":{"line":204,"column":29}},"loc":{"start":{"line":204,"column":35},"end":{"line":209,"column":9}},"line":204},"20":{"name":"(anonymous_20)","decl":{"start":{"line":210,"column":34},"end":{"line":210,"column":35}},"loc":{"start":{"line":210,"column":41},"end":{"line":210,"column":47}},"line":210},"21":{"name":"(anonymous_21)","decl":{"start":{"line":212,"column":28},"end":{"line":212,"column":29}},"loc":{"start":{"line":212,"column":35},"end":{"line":212,"column":46}},"line":212},"22":{"name":"(anonymous_22)","decl":{"start":{"line":242,"column":12},"end":{"line":242,"column":18}},"loc":{"start":{"line":242,"column":18},"end":{"line":244,"column":5}},"line":242},"23":{"name":"(anonymous_23)","decl":{"start":{"line":269,"column":16},"end":{"line":269,"column":17}},"loc":{"start":{"line":270,"column":12},"end":{"line":278,"column":null}},"line":270},"24":{"name":"(anonymous_24)","decl":{"start":{"line":272,"column":23},"end":{"line":272,"column":29}},"loc":{"start":{"line":272,"column":29},"end":{"line":272,"column":null}},"line":272}},"branchMap":{"0":{"loc":{"start":{"line":48,"column":4},"end":{"line":48,"column":null}},"type":"cond-expr","locations":[{"start":{"line":48,"column":36},"end":{"line":48,"column":56}},{"start":{"line":48,"column":56},"end":{"line":48,"column":null}}],"line":48},"1":{"loc":{"start":{"line":64,"column":25},"end":{"line":64,"column":null}},"type":"binary-expr","locations":[{"start":{"line":64,"column":25},"end":{"line":64,"column":46}},{"start":{"line":64,"column":46},"end":{"line":64,"column":null}}],"line":64},"2":{"loc":{"start":{"line":65,"column":21},"end":{"line":65,"column":null}},"type":"cond-expr","locations":[{"start":{"line":65,"column":36},"end":{"line":65,"column":80}},{"start":{"line":65,"column":80},"end":{"line":65,"column":null}}],"line":65},"3":{"loc":{"start":{"line":106,"column":26},"end":{"line":106,"column":null}},"type":"binary-expr","locations":[{"start":{"line":106,"column":26},"end":{"line":106,"column":51}},{"start":{"line":106,"column":51},"end":{"line":106,"column":null}}],"line":106},"4":{"loc":{"start":{"line":107,"column":14},"end":{"line":107,"column":null}},"type":"if","locations":[{"start":{"line":107,"column":14},"end":{"line":107,"column":null}},{"start":{},"end":{}}],"line":107},"5":{"loc":{"start":{"line":108,"column":14},"end":{"line":109,"column":null}},"type":"if","locations":[{"start":{"line":108,"column":14},"end":{"line":109,"column":null}},{"start":{},"end":{}}],"line":108},"6":{"loc":{"start":{"line":125,"column":22},"end":{"line":125,"column":null}},"type":"cond-expr","locations":[{"start":{"line":125,"column":37},"end":{"line":125,"column":44}},{"start":{"line":125,"column":44},"end":{"line":125,"column":null}}],"line":125},"7":{"loc":{"start":{"line":131,"column":31},"end":{"line":131,"column":57}},"type":"cond-expr","locations":[{"start":{"line":131,"column":39},"end":{"line":131,"column":48}},{"start":{"line":131,"column":48},"end":{"line":131,"column":57}}],"line":131},"8":{"loc":{"start":{"line":137,"column":14},"end":{"line":137,"column":null}},"type":"if","locations":[{"start":{"line":137,"column":14},"end":{"line":137,"column":null}},{"start":{},"end":{}}],"line":137},"9":{"loc":{"start":{"line":139,"column":21},"end":{"line":139,"column":null}},"type":"cond-expr","locations":[{"start":{"line":139,"column":29},"end":{"line":139,"column":41}},{"start":{"line":139,"column":41},"end":{"line":139,"column":null}}],"line":139},"10":{"loc":{"start":{"line":143,"column":21},"end":{"line":143,"column":null}},"type":"cond-expr","locations":[{"start":{"line":143,"column":29},"end":{"line":143,"column":35}},{"start":{"line":143,"column":35},"end":{"line":143,"column":null}}],"line":143},"11":{"loc":{"start":{"line":164,"column":23},"end":{"line":164,"column":null}},"type":"binary-expr","locations":[{"start":{"line":164,"column":23},"end":{"line":164,"column":40}},{"start":{"line":164,"column":40},"end":{"line":164,"column":null}}],"line":164},"12":{"loc":{"start":{"line":165,"column":6},"end":{"line":165,"column":null}},"type":"if","locations":[{"start":{"line":165,"column":6},"end":{"line":165,"column":null}},{"start":{},"end":{}}],"line":165},"13":{"loc":{"start":{"line":172,"column":6},"end":{"line":213,"column":null}},"type":"if","locations":[{"start":{"line":172,"column":6},"end":{"line":213,"column":null}},{"start":{"line":185,"column":6},"end":{"line":213,"column":null}}],"line":172},"14":{"loc":{"start":{"line":180,"column":19},"end":{"line":180,"column":null}},"type":"cond-expr","locations":[{"start":{"line":180,"column":31},"end":{"line":180,"column":51}},{"start":{"line":180,"column":51},"end":{"line":180,"column":null}}],"line":180},"15":{"loc":{"start":{"line":185,"column":6},"end":{"line":213,"column":null}},"type":"if","locations":[{"start":{"line":185,"column":6},"end":{"line":213,"column":null}},{"start":{"line":199,"column":6},"end":{"line":213,"column":null}}],"line":185},"16":{"loc":{"start":{"line":192,"column":17},"end":{"line":194,"column":null}},"type":"cond-expr","locations":[{"start":{"line":193,"column":14},"end":{"line":193,"column":null}},{"start":{"line":194,"column":14},"end":{"line":194,"column":null}}],"line":192},"17":{"loc":{"start":{"line":199,"column":6},"end":{"line":213,"column":null}},"type":"if","locations":[{"start":{"line":199,"column":6},"end":{"line":213,"column":null}},{"start":{},"end":{}}],"line":199},"18":{"loc":{"start":{"line":206,"column":17},"end":{"line":208,"column":null}},"type":"cond-expr","locations":[{"start":{"line":207,"column":14},"end":{"line":207,"column":null}},{"start":{"line":208,"column":14},"end":{"line":208,"column":null}}],"line":206},"19":{"loc":{"start":{"line":233,"column":8},"end":{"line":235,"column":null}},"type":"cond-expr","locations":[{"start":{"line":234,"column":12},"end":{"line":234,"column":null}},{"start":{"line":235,"column":12},"end":{"line":235,"column":null}}],"line":233},"20":{"loc":{"start":{"line":246,"column":2},"end":{"line":250,"column":null}},"type":"if","locations":[{"start":{"line":246,"column":2},"end":{"line":250,"column":null}},{"start":{},"end":{}}],"line":246},"21":{"loc":{"start":{"line":253,"column":2},"end":{"line":257,"column":null}},"type":"if","locations":[{"start":{"line":253,"column":2},"end":{"line":257,"column":null}},{"start":{},"end":{}}],"line":253},"22":{"loc":{"start":{"line":274,"column":16},"end":{"line":274,"column":null}},"type":"cond-expr","locations":[{"start":{"line":274,"column":38},"end":{"line":274,"column":49}},{"start":{"line":274,"column":49},"end":{"line":274,"column":null}}],"line":274}},"s":{"0":1,"1":25,"2":25,"3":25,"4":25,"5":25,"6":25,"7":25,"8":9,"9":1,"10":9,"11":9,"12":9,"13":25,"14":25,"15":25,"16":25,"17":19,"18":19,"19":19,"20":0,"21":0,"22":0,"23":0,"24":0,"25":0,"26":0,"27":0,"28":0,"29":0,"30":0,"31":0,"32":0,"33":0,"34":0,"35":0,"36":0,"37":0,"38":0,"39":25,"40":11,"41":11,"42":11,"43":11,"44":8,"45":11,"46":1,"47":7,"48":7,"49":7,"50":7,"51":5,"52":5,"53":150,"54":150,"55":150,"56":150,"57":5,"58":150,"59":5,"60":150,"61":2,"62":1,"63":1,"64":182,"65":182,"66":1,"67":182,"68":1,"69":182,"70":1,"71":1,"72":1,"73":365,"74":365,"75":1,"76":365,"77":1,"78":365,"79":7,"80":3,"81":3,"82":10,"83":25,"84":11,"85":25,"86":11,"87":14,"88":14,"89":11,"90":33,"91":3},"f":{"0":25,"1":9,"2":1,"3":9,"4":19,"5":0,"6":0,"7":0,"8":0,"9":0,"10":0,"11":0,"12":11,"13":150,"14":150,"15":150,"16":182,"17":182,"18":182,"19":365,"20":365,"21":365,"22":11,"23":33,"24":3},"b":{"0":[25,0],"1":[19,7],"2":[5,14],"3":[0,0],"4":[0,0],"5":[0,0],"6":[5,14],"7":[0,0],"8":[0,0],"9":[0,0],"10":[0,0],"11":[8,0],"12":[1,10],"13":[5,2],"14":[5,145],"15":[1,1],"16":[5,177],"17":[1,0],"18":[12,353],"19":[1,2],"20":[11,14],"21":[3,11],"22":[11,22]},"meta":{"lastBranch":23,"lastFunction":25,"lastStatement":92,"seen":{"s:16:0:24:Infinity":0,"f:26:24:26:41":0,"s:27:32:39:Infinity":1,"s:40:36:40:Infinity":2,"s:42:24:42:Infinity":3,"s:43:24:43:Infinity":4,"s:44:28:44:Infinity":5,"s:47:36:49:Infinity":6,"b:48:36:48:56:48:56:48:Infinity":0,"s:51:2:55:Infinity":7,"f:51:12:51:18":1,"s:52:21:52:Infinity":8,"f:52:21:52:27":2,"s:52:27:52:Infinity":9,"s:53:4:53:Infinity":10,"s:54:4:54:Infinity":11,"f:54:11:54:17":3,"s:54:17:54:Infinity":12,"s:57:2:57:Infinity":13,"s:59:22:59:Infinity":14,"s:60:24:60:Infinity":15,"s:63:8:156:Infinity":16,"f:63:26:63:32":4,"s:64:25:64:Infinity":17,"b:64:25:64:46:64:46:64:Infinity":1,"s:65:21:65:Infinity":18,"b:65:36:65:80:65:80:65:Infinity":2,"s:67:4:155:Infinity":19,"f:91:18:91:24":5,"f:94:19:94:20":6,"s:95:28:95:Infinity":20,"s:96:26:96:Infinity":21,"s:97:24:97:Infinity":22,"s:99:14:103:Infinity":23,"f:105:19:105:20":7,"s:106:26:106:Infinity":24,"b:106:26:106:51:106:51:106:Infinity":3,"b:107:14:107:Infinity:undefined:undefined:undefined:undefined":4,"s:107:14:107:Infinity":25,"s:107:25:107:Infinity":26,"b:108:14:109:Infinity:undefined:undefined:undefined:undefined":5,"s:108:14:109:Infinity":27,"s:109:16:109:Infinity":28,"s:110:14:110:Infinity":29,"b:125:37:125:44:125:44:125:Infinity":6,"f:129:18:129:19":8,"s:130:28:130:Infinity":30,"s:131:14:131:Infinity":31,"b:131:39:131:48:131:48:131:57":7,"f:136:19:136:20":9,"b:137:14:137:Infinity:undefined:undefined:undefined:undefined":8,"s:137:14:137:Infinity":32,"s:137:35:137:Infinity":33,"s:138:28:138:Infinity":34,"s:139:14:139:Infinity":35,"b:139:29:139:41:139:41:139:Infinity":9,"f:141:23:141:24":10,"s:142:28:142:Infinity":36,"s:143:14:143:Infinity":37,"b:143:29:143:35:143:35:143:Infinity":10,"f:150:22:150:23":11,"s:150:29:150:Infinity":38,"s:158:29:240:Infinity":39,"f:158:29:158:41":12,"s:159:4:239:Infinity":40,"s:160:6:160:Infinity":41,"s:161:6:161:Infinity":42,"s:163:23:163:Infinity":43,"s:164:23:164:Infinity":44,"b:164:23:164:40:164:40:164:Infinity":11,"b:165:6:165:Infinity:undefined:undefined:undefined:undefined":12,"s:165:6:165:Infinity":45,"s:165:24:165:Infinity":46,"s:167:20:167:Infinity":47,"s:169:19:169:Infinity":48,"s:170:19:170:Infinity":49,"b:172:6:213:Infinity:185:6:213:Infinity":13,"s:172:6:213:Infinity":50,"s:173:23:173:Infinity":51,"s:175:10:181:Infinity":52,"f:175:30:175:31":13,"s:176:25:176:Infinity":53,"s:177:24:177:Infinity":54,"s:178:31:178:Infinity":55,"s:180:12:180:Infinity":56,"b:180:31:180:51:180:51:180:Infinity":14,"s:182:8:182:Infinity":57,"f:182:34:182:35":14,"s:182:41:182:47":58,"s:184:8:184:Infinity":59,"f:184:28:184:29":15,"s:184:35:184:46":60,"b:185:6:213:Infinity:199:6:213:Infinity":15,"s:185:6:213:Infinity":61,"s:188:23:188:Infinity":62,"s:190:8:195:Infinity":63,"f:190:28:190:29":16,"s:191:23:191:Infinity":64,"s:192:10:194:Infinity":65,"b:193:14:193:Infinity:194:14:194:Infinity":16,"s:196:8:196:Infinity":66,"f:196:34:196:35":17,"s:196:41:196:47":67,"s:198:8:198:Infinity":68,"f:198:28:198:29":18,"s:198:35:198:46":69,"b:199:6:213:Infinity:undefined:undefined:undefined:undefined":17,"s:199:6:213:Infinity":70,"s:202:23:202:Infinity":71,"s:204:8:209:Infinity":72,"f:204:28:204:29":19,"s:205:23:205:Infinity":73,"s:206:10:208:Infinity":74,"b:207:14:207:Infinity:208:14:208:Infinity":18,"s:210:8:210:Infinity":75,"f:210:34:210:35":20,"s:210:41:210:47":76,"s:212:8:212:Infinity":77,"f:212:28:212:29":21,"s:212:35:212:46":78,"s:215:6:229:Infinity":79,"s:231:6:231:Infinity":80,"s:232:6:236:Infinity":81,"b:234:12:234:Infinity:235:12:235:Infinity":19,"s:238:6:238:Infinity":82,"s:242:2:244:Infinity":83,"f:242:12:242:18":22,"s:243:4:243:Infinity":84,"b:246:2:250:Infinity:undefined:undefined:undefined:undefined":20,"s:246:2:250:Infinity":85,"s:247:4:250:Infinity":86,"b:253:2:257:Infinity:undefined:undefined:undefined:undefined":21,"s:253:2:257:Infinity":87,"s:254:4:257:Infinity":88,"s:260:2:287:Infinity":89,"f:269:16:269:17":23,"s:270:12:278:Infinity":90,"f:272:23:272:29":24,"s:272:29:272:Infinity":91,"b:274:38:274:49:274:49:274:Infinity":22}}}
}
